<?xml version="1.0" encoding="UTF-8"?>
<!-- Generated by org.testng.reporters.JUnitReportReporter -->
<testsuite hostname="adminu4s-MacBook-Pro.local" failures="0" tests="1" name="Pages.AppTest" time="0.005" errors="0" timestamp="2023-03-04T15:29:26 GST" skipped="0">
  <testcase classname="Pages.AppTest" name="shouldAnswerWithTrue" time="0.005"/>
  <system-out/>
</testsuite> <!-- Pages.AppTest -->
